This file contains any messages produced by compilers while
running configure, to aid debugging if configure makes a mistake.

It was created by FLSDK configure 0.0.3, which was
generated by GNU Autoconf 2.69.  Invocation command line was

  $ /home/ki7mt/Projects/git-repos/flsdk/configure 

## --------- ##
## Platform. ##
## --------- ##

hostname = UB-64
uname -m = x86_64
uname -r = 3.19.0-26-generic
uname -s = Linux
uname -v = #28~14.04.1-Ubuntu SMP Wed Aug 12 14:09:17 UTC 2015

/usr/bin/uname -p = unknown
/bin/uname -X     = unknown

/bin/arch              = unknown
/usr/bin/arch -k       = unknown
/usr/convex/getsysinfo = unknown
/usr/bin/hostinfo      = unknown
/bin/machine           = unknown
/usr/bin/oslevel       = unknown
/bin/universe          = unknown

PATH: /home/ki7mt/mxe/usr/bin/
PATH: /usr/local/texlive/2015/bin/x86_64-linux
PATH: /home/ki7mt/bin
PATH: /usr/local/sbin
PATH: /usr/local/bin
PATH: /usr/sbin
PATH: /usr/bin
PATH: /sbin
PATH: /bin
PATH: /usr/games
PATH: /usr/local/games


## ----------- ##
## Core tests. ##
## ----------- ##

configure:1744: FLSDK - Build System For FLDIGI Applications.
configure:1808: checking build system type
configure:1822: result: x86_64-unknown-linux-gnu
configure:1842: checking host system type
configure:1855: result: x86_64-unknown-linux-gnu
configure:1909: Distribution is: Ubuntu 14.04.3 LTS 
configure:1922: Install Prefix as: /usr
configure:1986: checking for a2x
configure:2004: found /usr/bin/a2x
configure:2016: result: /usr/bin/a2x
configure:2026: checking for asciidoc
configure:2044: found /usr/bin/asciidoc
configure:2056: result: /usr/bin/asciidoc
configure:2066: checking for awk
configure:2084: found /usr/bin/awk
configure:2096: result: /usr/bin/awk
configure:2106: checking for chmod
configure:2124: found /bin/chmod
configure:2136: result: /bin/chmod
configure:2146: checking for chown
configure:2164: found /bin/chown
configure:2176: result: /bin/chown
configure:2186: checking for cp
configure:2204: found /bin/cp
configure:2216: result: /bin/cp
configure:2226: checking for dialog
configure:2244: found /usr/bin/dialog
configure:2256: result: /usr/bin/dialog
configure:2266: checking for git
configure:2284: found /usr/bin/git
configure:2296: result: /usr/bin/git
configure:2306: checking for install
configure:2324: found /usr/bin/install
configure:2336: result: /usr/bin/install
configure:2346: checking for ln
configure:2364: found /bin/ln
configure:2376: result: /bin/ln
configure:2386: checking for mkdir
configure:2404: found /bin/mkdir
configure:2416: result: /bin/mkdir
configure:2426: checking for mv
configure:2444: found /bin/mv
configure:2456: result: /bin/mv
configure:2466: checking for rm
configure:2484: found /bin/rm
configure:2496: result: /bin/rm
configure:2506: checking for sed
configure:2524: found /bin/sed
configure:2536: result: /bin/sed
configure:2546: checking for bash
configure:2576: result: /bin/bash
configure:2586: checking for touch
configure:2604: found /usr/bin/touch
configure:2616: result: /usr/bin/touch
configure:2626: checking for zenity
configure:2644: found /usr/bin/zenity
configure:2656: result: /usr/bin/zenity
configure:2716: Enable Separate by App Version
configure:2742: Enabled Multi-Thread Compiling, ( 4 ) Cores
configure:2774: Enabled Building HTML Documentation
configure:2804: Enabled Building Manpages
configure:2821: Generating Package Information File.
configure:2997: creating ./config.status

## ---------------------- ##
## Running config.status. ##
## ---------------------- ##

This file was extended by FLSDK config.status 0.0.3, which was
generated by GNU Autoconf 2.69.  Invocation command line was

  CONFIG_FILES    = 
  CONFIG_HEADERS  = 
  CONFIG_LINKS    = 
  CONFIG_COMMANDS = 
  $ ./config.status 

on UB-64

config.status:774: creating Makefile
config.status:774: creating src/flsdk
config.status:774: creating man/flsdk.1.txt
config.status:774: creating data/flsdk.desktop

## ---------------- ##
## Cache variables. ##
## ---------------- ##

ac_cv_build=x86_64-unknown-linux-gnu
ac_cv_docs=yes
ac_cv_env_build_alias_set=
ac_cv_env_build_alias_value=
ac_cv_env_host_alias_set=
ac_cv_env_host_alias_value=
ac_cv_env_target_alias_set=
ac_cv_env_target_alias_value=
ac_cv_host=x86_64-unknown-linux-gnu
ac_cv_manpages=yes
ac_cv_parallel=yes
ac_cv_path_A2X=/usr/bin/a2x
ac_cv_path_ASCIIDOC=/usr/bin/asciidoc
ac_cv_path_AWK=/usr/bin/awk
ac_cv_path_CHMOD=/bin/chmod
ac_cv_path_CHOWN=/bin/chown
ac_cv_path_CP=/bin/cp
ac_cv_path_DIALOG=/usr/bin/dialog
ac_cv_path_GIT=/usr/bin/git
ac_cv_path_INSTALL=/usr/bin/install
ac_cv_path_LN=/bin/ln
ac_cv_path_MKDIR=/bin/mkdir
ac_cv_path_MV=/bin/mv
ac_cv_path_RM=/bin/rm
ac_cv_path_SED=/bin/sed
ac_cv_path_SHELL=/bin/bash
ac_cv_path_TOUCH=/usr/bin/touch
ac_cv_path_ZENITY=/usr/bin/zenity

## ----------------- ##
## Output variables. ##
## ----------------- ##

A2X='/usr/bin/a2x'
ASCIIDOC='/usr/bin/asciidoc'
AUTHORS='Greg Beam, KI7MT'
AWK='/usr/bin/awk'
BDOC='Yes'
BINDIR='/usr/bin'
BUGS='ki7mt01@gmail.com'
CHMOD='/bin/chmod'
CHOWN='/bin/chown'
COPYRIGHT='Copyright (C) 2014-2015 Greg Beam, KI7MT'
CP='/bin/cp'
CPUS='4'
DATASRC='/home/ki7mt/Projects/git-repos/flsdk/data'
DEFS='-DPACKAGE_NAME=\"FLSDK\" -DPACKAGE_TARNAME=\"flsdk\" -DPACKAGE_VERSION=\"0.0.3\" -DPACKAGE_STRING=\"FLSDK\ 0.0.3\" -DPACKAGE_BUGREPORT=\"ki7mt01@gmail.com\" -DPACKAGE_URL=\"https://sourceforge.net/projects/flsdk\" -D_NAME=\"x86_64-unknown-linux-gnu\" -D_CPU=\"x86_64\" -D_VENDOR=\"unknown\" -D_OS=\"linux-gnu\"'
DESC='Ubuntu 14.04.3 LTS'
DIALOG='/usr/bin/dialog'
DOCDIR='/usr/share/doc/flsdk'
DOCSRC='/home/ki7mt/Projects/git-repos/flsdk/doc/source'
DTDIR='/usr/share/applications'
ECHO_C=''
ECHO_N='-n'
ECHO_T=''
GIT='/usr/bin/git'
HOST_CPU='x86_64'
HOST_NAME='x86_64-unknown-linux-gnu'
HOST_OS='linux-gnu'
ICOND='/usr/share/pixmaps'
INSTALL='/usr/bin/install'
JJJJ='4'
LIBOBJS=''
LIBS=''
LICENSE='GPL-3'
LN='/bin/ln'
LTLIBOBJS=''
MANDIR='/usr/share/man/man1'
MANP='Yes'
MANSRC='/home/ki7mt/Projects/git-repos/flsdk/man'
MENUD='/usr/share/flsdk/menu'
MENUSRC='/home/ki7mt/Projects/git-repos/flsdk/src/menu'
MKDIR='/bin/mkdir'
MV='/bin/mv'
PACKAGE_BUGREPORT='ki7mt01@gmail.com'
PACKAGE_NAME='FLSDK'
PACKAGE_STRING='FLSDK 0.0.3'
PACKAGE_TARNAME='flsdk'
PACKAGE_URL='https://sourceforge.net/projects/flsdk'
PACKAGE_VERSION='0.0.3'
PATCHD='/usr/share/flsdk/patch'
PATCHSRC='/home/ki7mt/Projects/git-repos/flsdk/src/patch'
PATH_SEPARATOR=':'
PKGINFO='/home/ki7mt/Projects/git-repos/flsdk/pkg-info.txt'
PREFIX='/usr'
PROGRAM='FLSDK'
RM='/bin/rm'
SED='/bin/sed'
SEPARATE='Yes'
SHARE='/usr/share/flsdk'
SHELL='/bin/bash'
TOUCH='/usr/bin/touch'
VERSION='0.0.3'
WATCHD='/usr/share/flsdk/watch'
WATCHSRC='/home/ki7mt/Projects/git-repos/flsdk/src/watch'
WEB='https://sourceforge.net/projects/flsdk'
ZENITY='/usr/bin/zenity'
bindir='${exec_prefix}/bin'
build='x86_64-unknown-linux-gnu'
build_alias=''
build_cpu='x86_64'
build_os='linux-gnu'
build_vendor='unknown'
datadir='${datarootdir}'
datarootdir='${prefix}/share'
docdir='${datarootdir}/doc/${PACKAGE_TARNAME}'
dvidir='${docdir}'
exec_prefix='${prefix}'
host='x86_64-unknown-linux-gnu'
host_alias=''
host_cpu='x86_64'
host_os='linux-gnu'
host_vendor='unknown'
htmldir='${docdir}'
includedir='${prefix}/include'
infodir='${datarootdir}/info'
libdir='${exec_prefix}/lib'
libexecdir='${exec_prefix}/libexec'
localedir='${datarootdir}/locale'
localstatedir='${prefix}/var'
mandir='${datarootdir}/man'
oldincludedir='/usr/include'
pdfdir='${docdir}'
prefix='/usr'
program_transform_name='s,x,x,'
psdir='${docdir}'
sbindir='${exec_prefix}/sbin'
sharedstatedir='${prefix}/com'
sysconfdir='${prefix}/etc'
target_alias=''

## ----------- ##
## confdefs.h. ##
## ----------- ##

/* confdefs.h */
#define PACKAGE_NAME "FLSDK"
#define PACKAGE_TARNAME "flsdk"
#define PACKAGE_VERSION "0.0.3"
#define PACKAGE_STRING "FLSDK 0.0.3"
#define PACKAGE_BUGREPORT "ki7mt01@gmail.com"
#define PACKAGE_URL "https://sourceforge.net/projects/flsdk"
#define _NAME "x86_64-unknown-linux-gnu"
#define _CPU "x86_64"
#define _VENDOR "unknown"
#define _OS "linux-gnu"

configure: exit 0
